<?xml version="1.0" encoding="UTF-8"?>
<!-- Generated by org.testng.reporters.JUnitReportReporter -->
<testsuite hostname="sapna-testlead" name="com.qa.tests.ui.tests.DashBoardTest" tests="79" failures="0" timestamp="14 Aug 2014 10:01:22 GMT" time="2847.507" errors="0">
  <testcase name="testVerifyDownloadCSVOnCallReportTab" time="29.983" classname="com.qa.tests.ui.tests.DashBoardTest"/>
  <testcase name="testVerifyClincianColumnVisiblityOnTableOfApptSummaryTab" time="27.158" classname="com.qa.tests.ui.tests.DashBoardTest"/>
  <testcase name="testVerifyReferrerTypeColumnVisiblityOnTableOfApptSummaryTab" time="72.293" classname="com.qa.tests.ui.tests.DashBoardTest"/>
  <testcase name="testVerifyDashboardPaymentCollectionTab" time="25.610" classname="com.qa.tests.ui.tests.DashBoardTest"/>
  <testcase name="testVerifyAreaColumnVisiblityOnTableOfRevByClinician" time="32.083" classname="com.qa.tests.ui.tests.DashBoardTest"/>
  <testcase name="testVerifyStatusFilterOnApptSummaryTab" time="41.485" classname="com.qa.tests.ui.tests.DashBoardTest"/>
  <testcase name="testVerifyReferrerDoctorColumnVisiblityOnTableOfApptSummaryTab" time="32.609" classname="com.qa.tests.ui.tests.DashBoardTest"/>
  <testcase name="testVerifyReferrerTypeFilterOnApptSummaryTab" time="44.745" classname="com.qa.tests.ui.tests.DashBoardTest"/>
  <testcase name="testVerifyAreaFilterVisiblityOnPaymentCollectionTab" time="23.639" classname="com.qa.tests.ui.tests.DashBoardTest"/>
  <testcase name="testVerifyShowColumnsOnPaymentCollectionTab" time="47.967" classname="com.qa.tests.ui.tests.DashBoardTest"/>
  <testcase name="testVerifyClinicianTypeColumnVisiblityOnTableOfRevByReferrerServiceTab" time="32.538" classname="com.qa.tests.ui.tests.DashBoardTest"/>
  <testcase name="testVerifyShowColumnsOnRevByReferrerServiceTab" time="40.185" classname="com.qa.tests.ui.tests.DashBoardTest"/>
  <testcase name="testVerifyShowColumnsOnApptSummaryTab" time="33.878" classname="com.qa.tests.ui.tests.DashBoardTest"/>
  <testcase name="testVerifyReferrerTypeFilterOnPatientReportTab" time="30.848" classname="com.qa.tests.ui.tests.DashBoardTest"/>
  <testcase name="testVerifyClinicianTypeFilterOnCancellationReportTab" time="24.863" classname="com.qa.tests.ui.tests.DashBoardTest"/>
  <testcase name="testVerifyIncomingCallsViewOnCallReportTab" time="33.801" classname="com.qa.tests.ui.tests.DashBoardTest"/>
  <testcase name="testVerifyOutgoingCallsViewOnCallReportTab" time="66.549" classname="com.qa.tests.ui.tests.DashBoardTest"/>
  <testcase name="testVerifyDateFilterOnCallReportTab" time="28.255" classname="com.qa.tests.ui.tests.DashBoardTest"/>
  <testcase name="testVerifyReferrerTypeFilterOnApptReportTab" time="38.564" classname="com.qa.tests.ui.tests.DashBoardTest"/>
  <testcase name="testVerifyDateColumnVisiblityOnTableOfRevByReferrerServiceTab" time="26.467" classname="com.qa.tests.ui.tests.DashBoardTest"/>
  <testcase name="testVerifyAllCallsViewOnCallReportTab" time="33.879" classname="com.qa.tests.ui.tests.DashBoardTest"/>
  <testcase name="testVerifyReferrerTypeFilterOnRevByReferrerServiceTab" time="100.498" classname="com.qa.tests.ui.tests.DashBoardTest"/>
  <testcase name="testVerifyAreaFilterOnApptReportTab" time="25.792" classname="com.qa.tests.ui.tests.DashBoardTest"/>
  <testcase name="testVerifyAreaFilterOnCancellationReportTab" time="50.583" classname="com.qa.tests.ui.tests.DashBoardTest"/>
  <testcase name="testVerifyReferrerFilterOnCancellationReportTab" time="24.361" classname="com.qa.tests.ui.tests.DashBoardTest"/>
  <testcase name="testVerifyResponsibleFilterOnCancellationReportTab" time="26.322" classname="com.qa.tests.ui.tests.DashBoardTest"/>
  <testcase name="testVerifyPackageFilterOnPatientReportTab" time="43.538" classname="com.qa.tests.ui.tests.DashBoardTest"/>
  <testcase name="testVerifyAreaColumnVisiblityOnTableOfRevByReferrerServiceTab" time="25.824" classname="com.qa.tests.ui.tests.DashBoardTest"/>
  <testcase name="testVerifyStatusFilterOnApptReportTab" time="30.994" classname="com.qa.tests.ui.tests.DashBoardTest"/>
  <testcase name="testVerifyReferrerTypeColumnVisiblityOnTableOfRevByReferrerServiceTab" time="29.607" classname="com.qa.tests.ui.tests.DashBoardTest"/>
  <testcase name="testVerifyAreaFilterOnPendingPaymentTab" time="47.484" classname="com.qa.tests.ui.tests.DashBoardTest"/>
  <testcase name="testVerifyAreaFilterOnPaymentCollectionTab" time="67.909" classname="com.qa.tests.ui.tests.DashBoardTest"/>
  <testcase name="testVerifyAndroidFilterOnApptSummaryTab" time="48.805" classname="com.qa.tests.ui.tests.DashBoardTest"/>
  <testcase name="testVerifyCallStatusFilterOnCallReportTab" time="41.887" classname="com.qa.tests.ui.tests.DashBoardTest"/>
  <testcase name="testVerifyDashboardPendingPaymentTab" time="33.767" classname="com.qa.tests.ui.tests.DashBoardTest"/>
  <testcase name="testVerifyAreaFilterOnRevByReferrerServiceTab" time="26.761" classname="com.qa.tests.ui.tests.DashBoardTest"/>
  <testcase name="testVerifyShowDateColumnVisiblityOnPaymentCollectionTab" time="22.699" classname="com.qa.tests.ui.tests.DashBoardTest"/>
  <testcase name="testVerifyServiceFilterOnPatientReportTab" time="28.554" classname="com.qa.tests.ui.tests.DashBoardTest"/>
  <testcase name="testVerifyReferrerNameFilterOnPatientReportTab" time="31.383" classname="com.qa.tests.ui.tests.DashBoardTest"/>
  <testcase name="testVerifyShowColumnsOnRevByClinicianTab" time="26.949" classname="com.qa.tests.ui.tests.DashBoardTest"/>
  <testcase name="testVerifyAreaColumnVisiblityOnTableOfApptSummaryTab" time="40.907" classname="com.qa.tests.ui.tests.DashBoardTest"/>
  <testcase name="testVerifyDateFilterOnCancellationReportTab" time="37.702" classname="com.qa.tests.ui.tests.DashBoardTest"/>
  <testcase name="testVerifyDateFilterOnApptSummaryTab" time="68.963" classname="com.qa.tests.ui.tests.DashBoardTest"/>
  <testcase name="testVerifyDownloadCSVOnCancellationReportTab" time="24.346" classname="com.qa.tests.ui.tests.DashBoardTest"/>
  <testcase name="testVerifyDashboardCallReportTab" time="27.730" classname="com.qa.tests.ui.tests.DashBoardTest"/>
  <testcase name="testVerifyDateFilterOnPaymentCollectionTab" time="27.750" classname="com.qa.tests.ui.tests.DashBoardTest"/>
  <testcase name="testVerifyDownloadCSVButtonVisiblityOnRevByClinicianTab" time="27.686" classname="com.qa.tests.ui.tests.DashBoardTest"/>
  <testcase name="testVerifyDashboardRevByClinicianTab" time="27.951" classname="com.qa.tests.ui.tests.DashBoardTest"/>
  <testcase name="testVerifyClinicianTypeFilterOnCallReportTab" time="26.476" classname="com.qa.tests.ui.tests.DashBoardTest"/>
  <testcase name="testVerifyDownloadCSVButtonOnRevByReferrerServiceTab" time="42.454" classname="com.qa.tests.ui.tests.DashBoardTest"/>
  <testcase name="testVerifyDashboardCancellationReportTab" time="30.025" classname="com.qa.tests.ui.tests.DashBoardTest"/>
  <testcase name="testVerifyStatusColumnVisiblityOnTableOfApptSummaryTab" time="50.373" classname="com.qa.tests.ui.tests.DashBoardTest"/>
  <testcase name="testVerifyAreaFilterOnRevByClinicianTab" time="26.986" classname="com.qa.tests.ui.tests.DashBoardTest"/>
  <testcase name="testVerifyDateFilterOnRevByClinicianTab" time="35.213" classname="com.qa.tests.ui.tests.DashBoardTest"/>
  <testcase name="testVerifyReferrerNameFilterOnApptReportTab" time="27.529" classname="com.qa.tests.ui.tests.DashBoardTest"/>
  <testcase name="testVerifyClincianColumnVisiblityOnTableOfRevByClinicianTab" time="35.040" classname="com.qa.tests.ui.tests.DashBoardTest"/>
  <testcase name="testVerifyReferredByColumnVisiblityOnTableOfApptSummaryTab" time="27.466" classname="com.qa.tests.ui.tests.DashBoardTest"/>
  <testcase name="testVerifyDateFilterOnRevByReferrerServiceTab" time="24.351" classname="com.qa.tests.ui.tests.DashBoardTest"/>
  <testcase name="testVerifyDownloadCSVButtonOnPaymentCollectionTab" time="30.943" classname="com.qa.tests.ui.tests.DashBoardTest"/>
  <testcase name="testVerifyReferredByFilterOnRevByReferrerServiceTab" time="35.756" classname="com.qa.tests.ui.tests.DashBoardTest"/>
  <testcase name="testVerifySelectViewOnCancellationReportTab" time="36.165" classname="com.qa.tests.ui.tests.DashBoardTest"/>
  <testcase name="testVerifyReferredByFilterOnApptSummaryTab" time="25.320" classname="com.qa.tests.ui.tests.DashBoardTest"/>
  <testcase name="testVerifyDateFilterVisiblityOnRevByClinicianTab" time="42.856" classname="com.qa.tests.ui.tests.DashBoardTest"/>
  <testcase name="testVerifyDateColumnVisiblityOnTableOfApptSummaryTab" time="31.225" classname="com.qa.tests.ui.tests.DashBoardTest"/>
  <testcase name="testVerifyReasonFilterOnCancellationReportTab" time="29.640" classname="com.qa.tests.ui.tests.DashBoardTest"/>
  <testcase name="testVerifyDashboardRevByReferrerServicesTab" time="42.431" classname="com.qa.tests.ui.tests.DashBoardTest"/>
  <testcase name="testVerifyDashboardApptSummaryTab" time="50.369" classname="com.qa.tests.ui.tests.DashBoardTest"/>
  <testcase name="testVerifyAreaFilterOnPatientReportTab" time="23.196" classname="com.qa.tests.ui.tests.DashBoardTest"/>
  <testcase name="testVerifyDashboardPatientReportTab" time="37.690" classname="com.qa.tests.ui.tests.DashBoardTest"/>
  <testcase name="testVerifyAreaFilterVisiblityOnRevByClinicianTab" time="42.825" classname="com.qa.tests.ui.tests.DashBoardTest"/>
  <testcase name="testVerifyDashboardApptReportTab" time="22.942" classname="com.qa.tests.ui.tests.DashBoardTest"/>
  <testcase name="testVerifyDateFilterVisiblityOnPaymentCollectionTab" time="31.829" classname="com.qa.tests.ui.tests.DashBoardTest"/>
  <testcase name="testVerifyReferredByColumnVisiblityOnTableOfRevByReferrerServiceTab" time="27.152" classname="com.qa.tests.ui.tests.DashBoardTest"/>
  <testcase name="testVerifyDownLoadCSVButton" time="24.684" classname="com.qa.tests.ui.tests.DashBoardTest"/>
  <testcase name="testVerifyAreaFilterOnApptSummaryTab" time="25.062" classname="com.qa.tests.ui.tests.DashBoardTest"/>
  <testcase name="testVerifyPatientColumnVisiblityOnTableOfRevByClinicianTab" time="69.113" classname="com.qa.tests.ui.tests.DashBoardTest"/>
  <testcase name="testVerifyReferredTypeFilterOnCancellationReportTab" time="28.443" classname="com.qa.tests.ui.tests.DashBoardTest"/>
  <testcase name="testVerifyClinicianTypeFilterOnRevByReferrerServiceTab" time="33.083" classname="com.qa.tests.ui.tests.DashBoardTest"/>
  <testcase name="testVerifyDateColumnVisiblityOnTableOfRevByClinicianTab" time="46.719" classname="com.qa.tests.ui.tests.DashBoardTest"/>
</testsuite> <!-- com.qa.tests.ui.tests.DashBoardTest -->
