<?xml version="1.0" encoding="UTF-8"?>
<!-- Generated by org.testng.reporters.JUnitReportReporter -->
<testsuite hostname="sapna-testlead" name="com.sms.DBTesting.SMSRouteTests" tests="1" failures="0" timestamp="1 Mar 2017 10:26:28 GMT" time="194.230" errors="0">
  <testcase name="TC_Batch1_testVerifyTwoHrsBeforeConfirmationSMSForLabApptToPatient" time="194.230" classname="com.sms.DBTesting.SMSRouteTests"/>
</testsuite> <!-- com.sms.DBTesting.SMSRouteTests -->
