<?xml version="1.0" encoding="UTF-8"?>
<!-- Generated by org.testng.reporters.JUnitReportReporter -->
<testsuite hostname="sapna-testlead" name="com.qa.test.ui.DBTesting.SMSQueueInsertRecord" tests="1" failures="0" timestamp="17 Jun 2016 11:50:06 GMT" time="0.008" errors="0">
  <testcase name="test" time="0.008" classname="com.qa.test.ui.DBTesting.SMSQueueInsertRecord"/>
</testsuite> <!-- com.qa.test.ui.DBTesting.SMSQueueInsertRecord -->
