<?xml version="1.0" encoding="UTF-8"?>
<!-- Generated by org.testng.reporters.JUnitReportReporter -->
<testsuite hostname="sapna-testlead" name="com.qa.tests.ui.tests.HomePageTest" tests="1" failures="0" timestamp="2 Aug 2014 08:15:44 GMT" time="37.683" errors="0">
  <testcase name="testVerifyDashBoardNavigationBar" time="37.683" classname="com.qa.tests.ui.tests.HomePageTest"/>
</testsuite> <!-- com.qa.tests.ui.tests.HomePageTest -->
