<?xml version="1.0" encoding="UTF-8"?>
<!-- Generated by org.testng.reporters.JUnitReportReporter -->
<testsuite hostname="sapna-testlead" name="com.qa.test.ui.DBTesting.PatientSMSTests" tests="1" failures="0" timestamp="24 Jun 2016 12:12:40 GMT" time="46.411" errors="0">
  <testcase name="testVerifySMSForPaymentSuccessfulForManipalPatient" time="46.411" classname="com.qa.test.ui.DBTesting.PatientSMSTests"/>
</testsuite> <!-- com.qa.test.ui.DBTesting.PatientSMSTests -->
