<?xml version="1.0" encoding="UTF-8"?>
<!-- Generated by org.testng.reporters.JUnitReportReporter -->
<testsuite hostname="sapna-testlead" name="com.qa.tests.ui.tests.SMSTest" tests="13" failures="0" timestamp="11 Sep 2014 10:30:31 GMT" time="293.350" errors="0">
  <testcase name="testVerifyReceivedSMSTabVisibility" time="21.578" classname="com.qa.tests.ui.tests.SMSTest"/>
  <testcase name="testVerifyPendingSMSTabVisibility" time="22.425" classname="com.qa.tests.ui.tests.SMSTest"/>
  <testcase name="testVerifySearchTextBoxVisibilityOnReceivedSMSTab" time="25.278" classname="com.qa.tests.ui.tests.SMSTest"/>
  <testcase name="testVerifySearchButtonVisibilityOnReceivedSMSTab" time="20.844" classname="com.qa.tests.ui.tests.SMSTest"/>
  <testcase name="testVerifyApproveBulkSMSTabVisibility" time="22.482" classname="com.qa.tests.ui.tests.SMSTest"/>
  <testcase name="testVerifyStatusFilterVisibilityOnReceivedSMSTab" time="22.903" classname="com.qa.tests.ui.tests.SMSTest"/>
  <testcase name="testVerifyDownloadCSVButtonVisibilityOnReceivedSMSTab" time="22.842" classname="com.qa.tests.ui.tests.SMSTest"/>
  <testcase name="testVerifySentSMSTabVisibility" time="21.146" classname="com.qa.tests.ui.tests.SMSTest"/>
  <testcase name="testVerifySendBulkSMSTabVisibility" time="19.860" classname="com.qa.tests.ui.tests.SMSTest"/>
  <testcase name="testVerifyFailedSMSTabVisibility" time="20.553" classname="com.qa.tests.ui.tests.SMSTest"/>
  <testcase name="testVerifyTypeFilterVisibilityOnReceivedSMSTab" time="25.429" classname="com.qa.tests.ui.tests.SMSTest"/>
  <testcase name="testVerifyDateFilterVisibilityOnReceivedSMSTab" time="23.634" classname="com.qa.tests.ui.tests.SMSTest"/>
  <testcase name="testVerifyAppFeedbackTabVisibility" time="24.376" classname="com.qa.tests.ui.tests.SMSTest"/>
</testsuite> <!-- com.qa.tests.ui.tests.SMSTest -->
