<?xml version="1.0" encoding="UTF-8"?>
<!-- Generated by org.testng.reporters.JUnitReportReporter -->
<testsuite hostname="sapna-testlead" name="com.qa.tests.ui.tests.AddTicketTest" tests="1" failures="0" timestamp="1 Oct 2015 08:53:22 GMT" time="36.938" errors="0">
  <testcase name="testTicket" time="36.938" classname="com.qa.tests.ui.tests.AddTicketTest"/>
</testsuite> <!-- com.qa.tests.ui.tests.AddTicketTest -->
