<?xml version="1.0" encoding="UTF-8"?>
<!-- Generated by org.testng.reporters.JUnitReportReporter -->
<testsuite hostname="sapna-testlead" name="com.qa.tests.ui.tests.PatientProfileTest" tests="12" failures="0" timestamp="1 Apr 2015 05:10:42 GMT" time="399.343" errors="0">
  <testcase name="testVerifyVitalsTabVisibility" time="36.153" classname="com.qa.tests.ui.tests.PatientProfileTest"/>
  <testcase name="testVerifyCalltabVisibility" time="31.416" classname="com.qa.tests.ui.tests.PatientProfileTest"/>
  <testcase name="testVerifyCasestabVisibility" time="34.181" classname="com.qa.tests.ui.tests.PatientProfileTest"/>
  <testcase name="testVerifyTicketTabVisibility" time="31.206" classname="com.qa.tests.ui.tests.PatientProfileTest"/>
  <testcase name="testVerifyRequestPaymentTabVisibility" time="32.239" classname="com.qa.tests.ui.tests.PatientProfileTest"/>
  <testcase name="testVerifyFamilyTabVisibility" time="35.437" classname="com.qa.tests.ui.tests.PatientProfileTest"/>
  <testcase name="testVerifyPatientOverviewtabVisibility" time="31.784" classname="com.qa.tests.ui.tests.PatientProfileTest"/>
  <testcase name="testVerifyNotestabVisibility" time="33.092" classname="com.qa.tests.ui.tests.PatientProfileTest"/>
  <testcase name="testVerifyOrderstabVisibility" time="34.027" classname="com.qa.tests.ui.tests.PatientProfileTest"/>
  <testcase name="testVerifyAppointmentstabVisibility" time="32.953" classname="com.qa.tests.ui.tests.PatientProfileTest"/>
  <testcase name="testVerifySMStabVisibility" time="33.386" classname="com.qa.tests.ui.tests.PatientProfileTest"/>
  <testcase name="testVerifyPaymentstabVisibility" time="33.469" classname="com.qa.tests.ui.tests.PatientProfileTest"/>
</testsuite> <!-- com.qa.tests.ui.tests.PatientProfileTest -->
